<?xml version="1.0" encoding="UTF-8"?>
<!-- Generated by org.testng.reporters.JUnitXMLReporter -->
<testsuite ignored="0" hostname="admin-PC" failures="1" tests="1" name="Test" time="0.06" errors="0" timestamp="2023-01-23T15:32:15 IST">
  <testcase classname="testNGPack2.SelectBrowser" name="openBrowser" time="0.0">
    <failure type="org.testng.TestNGException" message="
Parameter &amp;apos;browser&amp;apos; is required by @Test on method openBrowser but has not been marked @Optional or defined
in C:\Users\admin\Desktop\wcsa4 workspace\wcsa4seleniumproject\testngreadBrowserValue.xml">
      <![CDATA[org.testng.TestNGException: 
Parameter 'browser' is required by @Test on method openBrowser but has not been marked @Optional or defined
in C:\Users\admin\Desktop\wcsa4 workspace\wcsa4seleniumproject\testngreadBrowserValue.xml
at java.base/java.util.ArrayList.forEach(ArrayList.java:1511)
... Removed 26 stack frames]]>
    </failure>
  </testcase> <!-- openBrowser -->
</testsuite> <!-- Test -->
